<?xml version="1.0" encoding="UTF-8"?>
<!-- Generated by org.testng.reporters.JUnitXMLReporter -->
<testsuite hostname="LAPTOP-6T1UKP4L" ignored="0" name="Test" tests="6" failures="0" timestamp="14 Feb 2021 05:54:27 GMT" time="0.057" errors="0">
  <testcase name="Test1" time="0.015" classname="org.test.testng.PersonalLoan"/>
  <testcase name="Test2" time="0.01" classname="org.test.testng.PersonalLoan"/>
  <testcase name="Test1" time="0.001" classname="org.test.testng.CarLoan"/>
  <testcase name="Test2" time="0.004" classname="org.test.testng.CarLoan"/>
  <testcase name="Test1" time="0.0" classname="org.test.testng.HomeLoan"/>
  <testcase name="Test2" time="0.0" classname="org.test.testng.HomeLoan"/>
</testsuite> <!-- Test -->
