<?xml version="1.0" encoding="UTF-8"?>
<!-- Generated by org.testng.reporters.JUnitXMLReporter -->
<testsuite hostname="LAPTOP-6T1UKP4L" ignored="2" name="Loan" tests="2" failures="0" timestamp="15 Feb 2021 15:42:48 GMT" time="0.042" errors="0">
  <testcase name="two" time="0.0" classname="org.test.testng.PersonalLoan"/>
  <testcase name="four" time="0.0" classname="org.test.testng.CarLoan"/>
  <testcase name="one" time="0.0" classname="org.test.testng.PersonalLoan">
    <ignored/>
  </testcase> <!-- one -->
  <testcase name="three" time="0.0" classname="org.test.testng.CarLoan">
    <ignored/>
  </testcase> <!-- three -->
</testsuite> <!-- Loan -->
