<?xml version="1.0" encoding="UTF-8"?>
<testng-results skipped="0" failed="0" ignored="0" total="3" passed="3">
  <reporter-output>
  </reporter-output>
  <suite name="Default suite" duration-ms="39" started-at="2021-02-15T18:39:25Z" finished-at="2021-02-15T18:39:25Z">
    <groups>
    </groups>
    <test name="Default test" duration-ms="39" started-at="2021-02-15T18:39:25Z" finished-at="2021-02-15T18:39:25Z">
      <class name="org.test.testng.PersonalLoan">
        <test-method status="PASS" signature="seven()[pri:0, instance:org.test.testng.PersonalLoan@5d5eef3d]" name="seven" duration-ms="16" started-at="2021-02-15T18:39:25Z" finished-at="2021-02-15T18:39:25Z">
          <reporter-output>
          </reporter-output>
        </test-method> <!-- seven -->
        <test-method status="PASS" signature="two()[pri:0, instance:org.test.testng.PersonalLoan@5d5eef3d]" name="two" duration-ms="4" started-at="2021-02-15T18:39:25Z" finished-at="2021-02-15T18:39:25Z">
          <reporter-output>
          </reporter-output>
        </test-method> <!-- two -->
        <test-method status="PASS" signature="one()[pri:0, instance:org.test.testng.PersonalLoan@5d5eef3d]" name="one" duration-ms="0" started-at="2021-02-15T18:39:25Z" depends-on-methods="org.test.testng.PersonalLoan.seven, org.test.testng.PersonalLoan.two" finished-at="2021-02-15T18:39:25Z">
          <reporter-output>
          </reporter-output>
        </test-method> <!-- one -->
      </class> <!-- org.test.testng.PersonalLoan -->
    </test> <!-- Default test -->
  </suite> <!-- Default suite -->
</testng-results>
